{"name": "User open few windows and aDd product in a cart.", "status": "broken", "statusDetails": {"message": "selenium.common.exceptions.NoSuchElementException: Message: no such element: Unable to locate element: {\"method\":\"xpath\",\"selector\":\"//a[contains(@aria-label, 'deals under $25')]\"}\n  (Session info: chrome=78.0.3904.108)\n\n", "trace": "  File \"C:\\Users\\oleg3\\AppData\\Roaming\\Python\\Python37\\site-packages\\behave\\model.py\", line 1329, in run\n    match.run(runner.context)\n  File \"C:\\Users\\oleg3\\AppData\\Roaming\\Python\\Python37\\site-packages\\behave\\matchers.py\", line 98, in run\n    self.func(context, *args, **kwargs)\n  File \"features\\steps\\HW6.py\", line 25, in click_to_open_page\n    context.driver.find_element(*NEW_PAGE).click()\n  File \"C:\\Users\\oleg3\\AppData\\Roaming\\Python\\Python37\\site-packages\\selenium\\webdriver\\remote\\webdriver.py\", line 978, in find_element\n    'value': value})['value']\n  File \"C:\\Users\\oleg3\\AppData\\Roaming\\Python\\Python37\\site-packages\\selenium\\webdriver\\remote\\webdriver.py\", line 321, in execute\n    self.error_handler.check_response(response)\n  File \"C:\\Users\\oleg3\\AppData\\Roaming\\Python\\Python37\\site-packages\\selenium\\webdriver\\remote\\errorhandler.py\", line 242, in check_response\n    raise exception_class(message, screen, stacktrace)\n"}, "steps": [{"name": "Given Open Amazon page", "status": "passed", "start": 1575261726084, "stop": 1575261733859}, {"name": "When Store original window", "status": "passed", "start": 1575261733860, "stop": 1575261733990}, {"name": "When Click to open deals under $25", "status": "broken", "statusDetails": {"message": "selenium.common.exceptions.NoSuchElementException: Message: no such element: Unable to locate element: {\"method\":\"xpath\",\"selector\":\"//a[contains(@aria-label, 'deals under $25')]\"}\n  (Session info: chrome=78.0.3904.108)\n\n", "trace": "  File \"C:\\Users\\oleg3\\AppData\\Roaming\\Python\\Python37\\site-packages\\behave\\model.py\", line 1329, in run\n    match.run(runner.context)\n  File \"C:\\Users\\oleg3\\AppData\\Roaming\\Python\\Python37\\site-packages\\behave\\matchers.py\", line 98, in run\n    self.func(context, *args, **kwargs)\n  File \"features\\steps\\HW6.py\", line 25, in click_to_open_page\n    context.driver.find_element(*NEW_PAGE).click()\n  File \"C:\\Users\\oleg3\\AppData\\Roaming\\Python\\Python37\\site-packages\\selenium\\webdriver\\remote\\webdriver.py\", line 978, in find_element\n    'value': value})['value']\n  File \"C:\\Users\\oleg3\\AppData\\Roaming\\Python\\Python37\\site-packages\\selenium\\webdriver\\remote\\webdriver.py\", line 321, in execute\n    self.error_handler.check_response(response)\n  File \"C:\\Users\\oleg3\\AppData\\Roaming\\Python\\Python37\\site-packages\\selenium\\webdriver\\remote\\errorhandler.py\", line 242, in check_response\n    raise exception_class(message, screen, stacktrace)\n"}, "start": 1575261733990, "stop": 1575261738046}, {"name": "And Switch to the new opened window", "status": "skipped", "start": 1575261743076, "stop": 1575261743076}, {"name": "Then Shop all deals are shown.", "status": "skipped", "start": 1575261743076, "stop": 1575261743076}, {"name": "When Put Headphones into a cart", "status": "skipped", "start": 1575261743076, "stop": 1575261743076}, {"name": "And Close new window, switch back to original", "status": "skipped", "start": 1575261743077, "stop": 1575261743077}, {"name": "And Refresh the page", "status": "skipped", "start": 1575261743077, "stop": 1575261743077}, {"name": "Then Verify cart has 1 item.", "status": "skipped", "start": 1575261743077, "stop": 1575261743077}], "start": 1575261723719, "stop": 1575261743077, "uuid": "01db9d12-1978-4961-bb21-719729b08d0a", "historyId": "b003507a4be9fd07560a6b85cfe39568", "labels": [{"name": "severity", "value": "normal"}, {"name": "feature", "value": "Open and close many windows."}, {"name": "framework", "value": "behave"}, {"name": "language", "value": "cpython3"}]}